<?xml version="1.0" encoding="UTF-8"?>
<!-- Generated by org.testng.reporters.JUnitReportReporter -->
<testsuite hostname="Abilash" failures="0" tests="1" name="tests.selenium.TC004_DoLoginSalesForceAppln" time="21.362" errors="0" timestamp="2023-08-20T17:24:16 IST" skipped="0">
  <testcase classname="tests.selenium.TC004_DoLoginSalesForceAppln" name="doLogin" time="21.362"/>
  <system-out/>
</testsuite> <!-- tests.selenium.TC004_DoLoginSalesForceAppln -->
